<?xml version="1.0" encoding="UTF-8"?>
<!-- Generated by org.testng.reporters.JUnitReportReporter -->
<testsuite hostname="NODE147" name="IRCTC_Test_login.IRCTClogin" tests="3" failures="0" timestamp="26 Oct 2016 08:41:14 GMT" time="184.523" errors="0">
  <testcase name="IrctcTest" time="56.783" classname="IRCTC_Test_login.IRCTClogin"/>
  <testcase name="IrctcTest" time="45.872" classname="IRCTC_Test_login.IRCTClogin"/>
  <testcase name="IrctcTest" time="81.868" classname="IRCTC_Test_login.IRCTClogin"/>
</testsuite> <!-- IRCTC_Test_login.IRCTClogin -->
