<?xml version="1.0" encoding="UTF-8"?>
<!-- Generated by org.testng.reporters.JUnitReportReporter -->
<testsuite hostname="NODE147" name="IRCTC_Test_login.IRCTClogin" tests="1" failures="0" timestamp="20 Oct 2016 05:12:48 GMT" time="34.448" errors="0">
  <testcase name="IrctcTest" time="34.448" classname="IRCTC_Test_login.IRCTClogin"/>
</testsuite> <!-- IRCTC_Test_login.IRCTClogin -->
