<?xml version="1.0" encoding="UTF-8"?>
<!-- Generated by org.testng.reporters.JUnitReportReporter -->
<testsuite hostname="NODE147" name="com.irctc.project.IrctcTest" tests="2" failures="0" timestamp="28 Oct 2016 06:11:14 GMT" time="65.818" errors="0">
  <testcase name="irctcTest" time="34.087" classname="com.irctc.project.IrctcTest"/>
  <testcase name="irctcTest" time="31.731" classname="com.irctc.project.IrctcTest"/>
</testsuite> <!-- com.irctc.project.IrctcTest -->
